
Started GET / for :: ::1 at Sun Jun 09 2024 23:06:51 GMT-0400 (hora estándar de Chile)
  Parameters in body: {}
Completed: 404 message:  Time response: 14 ms Request ID: [78937dbb-7b28-4cc7-b064-f598df5dfe4f]

Started GET /posts for :: ::1 at Mon Jun 10 2024 00:39:14 GMT-0400 (hora estándar de Chile)
  Parameters in body: {}
Completed: 500 message:  Time response: 519 ms Request ID: [0e5c55a2-a9df-400e-bcb3-1574e36f6613]

Started GET /posts for :: ::1 at Mon Jun 10 2024 00:39:15 GMT-0400 (hora estándar de Chile)
  Parameters in body: {}
Completed: 500 message:  Time response: 146 ms Request ID: [fce5a7bf-896a-4978-bbd3-583329bcde28]

Started GET / for :: ::1 at Mon Jun 10 2024 04:09:49 GMT-0400 (hora estándar de Chile)
  Parameters in body: {}
Completed: 404 message:  Time response: 22 ms Request ID: [47d74a68-a8ba-407b-9e6d-9f487428af9e]

Started GET /posts/ for :: ::ffff:127.0.0.1 at Mon Jun 10 2024 04:09:58 GMT-0400 (hora estándar de Chile)
  Parameters in body: {}
Completed: 500 message:  Time response: 171 ms Request ID: [08292ba0-0fcd-46e7-a911-8afa71fa3b95]

Started POST /posts/ for :: ::ffff:127.0.0.1 at Mon Jun 10 2024 04:12:02 GMT-0400 (hora estándar de Chile)
  Parameters in body: {"titulo":"Hola","img":"https://www.yamahamotos.cl/producto/scooter-yamaha-xmax-300/","descripcion":"NX300"}
Completed: 500 message:  Time response: 65 ms Request ID: [3afaa417-0d49-4740-9bc2-a629a8b92a69]

Started GET /posts for :: ::ffff:127.0.0.1 at Mon Jun 10 2024 04:12:23 GMT-0400 (hora estándar de Chile)
  Parameters in body: {"titulo":"Hola","img":"https://www.yamahamotos.cl/producto/scooter-yamaha-xmax-300/","descripcion":"NX300"}
Completed: 500 message:  Time response: 86 ms Request ID: [df0da429-db2b-4f4e-892e-edb6beac6a5c]

Started GET /posts for :: ::1 at Mon Jun 10 2024 04:13:37 GMT-0400 (hora estándar de Chile)
  Parameters in body: {}
Completed: 500 message:  Time response: 85 ms Request ID: [833be34b-5b43-4ffc-879e-c4f32d731766]

Started GET /posts for :: ::1 at Mon Jun 10 2024 04:13:37 GMT-0400 (hora estándar de Chile)
  Parameters in body: {}
Completed: 500 message:  Time response: 66 ms Request ID: [4382f627-7b0d-4769-8045-23cbcec19e37]

Started POST /posts for :: ::1 at Mon Jun 10 2024 04:13:52 GMT-0400 (hora estándar de Chile)
  Parameters in body: {"titulo":"Moto","img":"https://www.yamahamotos.cl/producto/scooter-yamaha-xmax-300/","descripcion":"NX300"}
Completed: 500 message:  Time response: 69 ms Request ID: [ba5ae08e-3156-4652-83da-198e4789562f]

Started POST /posts for :: ::1 at Mon Jun 10 2024 04:13:53 GMT-0400 (hora estándar de Chile)
  Parameters in body: {"titulo":"Moto","img":"https://www.yamahamotos.cl/producto/scooter-yamaha-xmax-300/","descripcion":"NX300"}
Completed: 500 message:  Time response: 67 ms Request ID: [725dd6f5-f045-4bba-8a13-de3b37023c03]

Started POST /posts for :: ::1 at Mon Jun 10 2024 04:13:53 GMT-0400 (hora estándar de Chile)
  Parameters in body: {"titulo":"Moto","img":"https://www.yamahamotos.cl/producto/scooter-yamaha-xmax-300/","descripcion":"NX300"}
Completed: 500 message:  Time response: 69 ms Request ID: [b9727247-9468-42bd-bbea-801f0a2fa808]

Started GET /posts for :: ::ffff:127.0.0.1 at Mon Jun 10 2024 04:17:20 GMT-0400 (hora estándar de Chile)
  Parameters in body: {"titulo":"Hola","img":"https://www.yamahamotos.cl/producto/scooter-yamaha-xmax-300/","descripcion":"NX300"}
Completed: 500 message:  Time response: 71 ms Request ID: [6832e723-3895-4eb2-a3a5-9fc8c9dd6a61]

Started GET / for :: ::1 at Mon Jun 10 2024 04:22:12 GMT-0400 (hora estándar de Chile)
  Parameters in body: {}
Completed: 404 message:  Time response: 24 ms Request ID: [21b929a4-64e0-40ad-b86c-d02f7bf263a8]

Started GET /posts for :: ::ffff:127.0.0.1 at Mon Jun 10 2024 04:22:25 GMT-0400 (hora estándar de Chile)
  Parameters in body: {"titulo":"Hola","img":"https://www.yamahamotos.cl/producto/scooter-yamaha-xmax-300/","descripcion":"NX300"}
Completed: 500 message:  Time response: 81 ms Request ID: [65fdcb6b-a04a-4012-861b-8233c0bdcb1b]

Started GET /posts/ for :: ::ffff:127.0.0.1 at Mon Jun 10 2024 04:22:35 GMT-0400 (hora estándar de Chile)
  Parameters in body: {"titulo":"Hola","img":"https://www.yamahamotos.cl/producto/scooter-yamaha-xmax-300/","descripcion":"NX300"}
Completed: 500 message:  Time response: 67 ms Request ID: [00a96b0a-c04b-4b63-a2d8-541b9706e2d6]

Started POST /posts for :: ::ffff:127.0.0.1 at Mon Jun 10 2024 04:22:51 GMT-0400 (hora estándar de Chile)
  Parameters in body: {"titulo":"Hola","img":"https://www.yamahamotos.cl/producto/scooter-yamaha-xmax-300/","descripcion":"NX300"}
Completed: 500 message:  Time response: 76 ms Request ID: [986bb4e2-3ed6-4faf-a4c6-2a3d672a7aa0]

Started POST /posts for :: ::1 at Mon Jun 10 2024 04:24:04 GMT-0400 (hora estándar de Chile)
  Parameters in body: {"titulo":"Moto","img":"https://www.yamahamotos.cl/producto/scooter-yamaha-xmax-300/","descripcion":"NX300"}
Completed: 500 message:  Time response: 105 ms Request ID: [018453b3-03e5-44ba-a8f4-4ad3d727d4f2]

Started POST /posts for :: ::1 at Mon Jun 10 2024 04:24:06 GMT-0400 (hora estándar de Chile)
  Parameters in body: {"titulo":"Moto","img":"https://www.yamahamotos.cl/producto/scooter-yamaha-xmax-300/","descripcion":"NX300"}
Completed: 500 message:  Time response: 63 ms Request ID: [dd18612f-a50a-4ffa-aa9e-e4a0c1c1070e]

Started GET / for :: ::1 at Mon Jun 10 2024 04:29:24 GMT-0400 (hora estándar de Chile)
  Parameters in body: {}
Completed: 404 message:  Time response: 13 ms Request ID: [5f7e8f84-eb6b-4b2c-99fe-0db68a869e60]

Started POST /posts for :: ::1 at Mon Jun 10 2024 04:29:30 GMT-0400 (hora estándar de Chile)
  Parameters in body: {"titulo":"Moto","img":"https://www.yamahamotos.cl/producto/scooter-yamaha-xmax-300/","descripcion":"NX300"}
Completed: 500 message:  Time response: 107 ms Request ID: [b7fe50cc-2f18-4698-8936-9072ca0ec72f]

Started GET / for :: ::1 at Mon Jun 10 2024 04:39:54 GMT-0400 (hora estándar de Chile)
  Parameters in body: {}
Completed: 404 message:  Time response: 15 ms Request ID: [1338183c-a185-4c6b-8071-88e5222fb98d]

Started POST /posts for :: ::1 at Mon Jun 10 2024 04:40:06 GMT-0400 (hora estándar de Chile)
  Parameters in body: {"titulo":"Moto","img":"https://www.yamahamotos.cl/producto/scooter-yamaha-xmax-300/","descripcion":"NX300"}
Completed: 500 message:  Time response: 85 ms Request ID: [2359e20e-848b-4986-809c-107183362cd0]

Started POST /posts for :: ::ffff:127.0.0.1 at Mon Jun 10 2024 04:41:33 GMT-0400 (hora estándar de Chile)
  Parameters in body: {"titulo":"Hola","img":"https://www.yamahamotos.cl/producto/scooter-yamaha-xmax-300/","descripcion":"NX300"}
Completed: 500 message:  Time response: 62 ms Request ID: [0021e8b5-6757-4e3e-961b-7092b339388c]

Started GET /posts for :: ::ffff:127.0.0.1 at Mon Jun 10 2024 04:41:42 GMT-0400 (hora estándar de Chile)
  Parameters in body: {"titulo":"Hola","img":"https://www.yamahamotos.cl/producto/scooter-yamaha-xmax-300/","descripcion":"NX300"}
Completed: 500 message:  Time response: 52 ms Request ID: [6b6f6a98-dc83-4c10-96df-aa6249be7809]

Started GET /posts for :: ::ffff:127.0.0.1 at Mon Jun 10 2024 04:42:10 GMT-0400 (hora estándar de Chile)
  Parameters in body: {"titulo":"Hola","img":"https://www.yamahamotos.cl/producto/scooter-yamaha-xmax-300/","descripcion":"NX300"}
Completed: 500 message:  Time response: 40 ms Request ID: [4dc348ae-c445-4709-8003-760cda56caa1]

Started GET /posts for :: ::1 at Mon Jun 10 2024 04:51:53 GMT-0400 (hora estándar de Chile)
  Parameters in body: {}
Started GET /posts for :: ::1 at Mon Jun 10 2024 04:51:53 GMT-0400 (hora estándar de Chile)
  Parameters in body: {}
Completed: 500 message:  Time response: 75 ms Request ID: [a11d24b4-4a66-43eb-9870-12bc141f3fe8]

Completed: 500 message:  Time response: 40 ms Request ID: [02241586-701a-4e5f-b566-9ba539d4e502]

Started POST /posts for :: ::1 at Mon Jun 10 2024 04:52:04 GMT-0400 (hora estándar de Chile)
  Parameters in body: {"titulo":"carro","img":"-mm","descripcion":"mlml"}
Completed: 500 message:  Time response: 31 ms Request ID: [57d87dc6-18f6-4435-a507-dcecefd05b1c]

Started POST /posts for :: ::1 at Mon Jun 10 2024 04:52:05 GMT-0400 (hora estándar de Chile)
  Parameters in body: {"titulo":"carro","img":"-mm","descripcion":"mlml"}
Completed: 500 message:  Time response: 43 ms Request ID: [e23619ff-1eeb-4d79-bc01-40eb4e31e046]

Started POST /posts for :: ::1 at Mon Jun 10 2024 04:52:05 GMT-0400 (hora estándar de Chile)
  Parameters in body: {"titulo":"carro","img":"-mm","descripcion":"mlml"}
Completed: 500 message:  Time response: 42 ms Request ID: [1f048a70-2eca-437d-8c39-7c92e6ec3f63]

Started POST /posts for :: ::1 at Mon Jun 10 2024 04:52:05 GMT-0400 (hora estándar de Chile)
  Parameters in body: {"titulo":"carro","img":"-mm","descripcion":"mlml"}
Completed: 500 message:  Time response: 39 ms Request ID: [77f1de6e-a342-40f6-b5f5-97c60450036c]

Started GET /posts for :: ::ffff:127.0.0.1 at Mon Jun 10 2024 04:54:59 GMT-0400 (hora estándar de Chile)
  Parameters in body: {"titulo":"Hola","img":"https://www.yamahamotos.cl/producto/scooter-yamaha-xmax-300/","descripcion":"NX300"}
Completed: 500 message:  Time response: 46 ms Request ID: [d8911412-2fa0-4a97-879b-09421686f6d7]

Started GET /posts for :: ::ffff:127.0.0.1 at Mon Jun 10 2024 04:55:00 GMT-0400 (hora estándar de Chile)
  Parameters in body: {"titulo":"Hola","img":"https://www.yamahamotos.cl/producto/scooter-yamaha-xmax-300/","descripcion":"NX300"}
Completed: 500 message:  Time response: 57 ms Request ID: [264dc28a-9097-45d6-ae67-97989d7d0aec]

Started POST /posts for :: ::1 at Mon Jun 10 2024 04:59:09 GMT-0400 (hora estándar de Chile)
  Parameters in body: {"titulo":"carro","img":"-mm","descripcion":"mlml"}
Completed: 500 message:  Time response: 45 ms Request ID: [7f3c4ea5-422f-4567-8733-d60e02641a09]

Started POST /posts for :: ::1 at Mon Jun 10 2024 04:59:11 GMT-0400 (hora estándar de Chile)
  Parameters in body: {"titulo":"carro","img":"-mm","descripcion":"mlml"}
Completed: 500 message:  Time response: 47 ms Request ID: [bcf3ee4d-c3d2-45eb-adca-63bdb6f39b34]

Started POST /posts for :: ::1 at Mon Jun 10 2024 04:59:11 GMT-0400 (hora estándar de Chile)
  Parameters in body: {"titulo":"carro","img":"-mm","descripcion":"mlml"}
Completed: 500 message:  Time response: 37 ms Request ID: [4b9d1759-0eaa-463f-b4fb-6027d08a4ab5]

Started POST /posts for :: ::1 at Mon Jun 10 2024 04:59:11 GMT-0400 (hora estándar de Chile)
  Parameters in body: {"titulo":"carro","img":"-mm","descripcion":"mlml"}
Completed: 500 message:  Time response: 41 ms Request ID: [4eaec369-88d8-4485-975f-9d31e2eb4781]

Started POST /posts for :: ::1 at Mon Jun 10 2024 04:59:12 GMT-0400 (hora estándar de Chile)
  Parameters in body: {"titulo":"carro","img":"-mm","descripcion":"mlml"}
Completed: 500 message:  Time response: 36 ms Request ID: [a7adab0e-55d5-4c07-9deb-15b92c4359e4]

Started POST /posts for :: ::1 at Mon Jun 10 2024 04:59:12 GMT-0400 (hora estándar de Chile)
  Parameters in body: {"titulo":"carro","img":"-mm","descripcion":"mlml"}
Completed: 500 message:  Time response: 51 ms Request ID: [a7f7ec36-2298-4233-989f-e38cdfa41038]

Started POST /posts for :: ::1 at Mon Jun 10 2024 04:59:13 GMT-0400 (hora estándar de Chile)
  Parameters in body: {"titulo":"carro","img":"-mm","descripcion":"mlml"}
Completed: 500 message:  Time response: 50 ms Request ID: [fd851d49-59aa-4985-a790-7b8ccaf831e6]

Started GET / for :: ::1 at Mon Jun 10 2024 05:05:02 GMT-0400 (hora estándar de Chile)
  Parameters in body: {}
Completed: 404 message:  Time response: 13 ms Request ID: [ae38b293-6b4e-4705-a966-246808d44351]

Started GET /posts for :: ::1 at Mon Jun 10 2024 05:05:17 GMT-0400 (hora estándar de Chile)
  Parameters in body: {}
Completed: 500 message:  Time response: 86 ms Request ID: [aab7cef8-053a-42bf-964d-b97ae6d87f25]

Started GET /posts for :: ::1 at Mon Jun 10 2024 05:05:20 GMT-0400 (hora estándar de Chile)
  Parameters in body: {}
Completed: 500 message:  Time response: 59 ms Request ID: [f45e2485-ab69-4e94-9609-6d8264f24805]

Started GET /posts for :: ::1 at Mon Jun 10 2024 05:06:19 GMT-0400 (hora estándar de Chile)
  Parameters in body: {}
Completed: 500 message:  Time response: 41 ms Request ID: [f75b0e29-5cd4-4435-89f6-d2a8408c3827]

Started GET / for :: ::1 at Mon Jun 10 2024 05:09:22 GMT-0400 (hora estándar de Chile)
  Parameters in body: {}
Completed: 404 message:  Time response: 15 ms Request ID: [e5e5a703-9b3d-4a2d-8cb3-d94393e8a725]

Started POST /posts for :: ::ffff:127.0.0.1 at Mon Jun 10 2024 05:09:38 GMT-0400 (hora estándar de Chile)
  Parameters in body: {"titulo":"Hola","img":"https://www.yamahamotos.cl/producto/scooter-yamaha-xmax-300/","descripcion":"NX300"}
Completed: 201 message:  Time response: 130 ms Request ID: [bbc24d0e-99bc-466f-9f33-06e09a4457c6]

Started GET /posts for :: ::ffff:127.0.0.1 at Mon Jun 10 2024 05:09:48 GMT-0400 (hora estándar de Chile)
  Parameters in body: {"titulo":"Hola","img":"https://www.yamahamotos.cl/producto/scooter-yamaha-xmax-300/","descripcion":"NX300"}
Completed: 200 message:  Time response: 61 ms Request ID: [f315d555-db8c-4ec3-be74-a88d562cc8de]

Started GET / for :: ::1 at Mon Jun 10 2024 05:12:55 GMT-0400 (hora estándar de Chile)
  Parameters in body: {}
Completed: 404 message:  Time response: 19 ms Request ID: [8cf60879-f6bf-467c-8c16-f3f390853b87]

Started POST /posts for :: ::1 at Mon Jun 10 2024 05:13:31 GMT-0400 (hora estándar de Chile)
  Parameters in body: {"titulo":"Moto","img":"https://www.yamahamotos.cl/producto/scooter-yamaha-xmax-300/","descripcion":"NX300"}
Completed: 500 message:  Time response: 14 ms Request ID: [61d3c820-2ac1-4417-8d70-4e0a9fd9efdc]

Started POST /posts for :: ::1 at Mon Jun 10 2024 05:13:32 GMT-0400 (hora estándar de Chile)
  Parameters in body: {"titulo":"Moto","img":"https://www.yamahamotos.cl/producto/scooter-yamaha-xmax-300/","descripcion":"NX300"}
Completed: 500 message:  Time response: 4 ms Request ID: [3bfa264c-8707-4c89-9c0c-5b2efbba7389]

Started POST /posts for :: ::1 at Mon Jun 10 2024 05:13:33 GMT-0400 (hora estándar de Chile)
  Parameters in body: {"titulo":"Moto","img":"https://www.yamahamotos.cl/producto/scooter-yamaha-xmax-300/","descripcion":"NX300"}
Completed: 500 message:  Time response: 22 ms Request ID: [65931daf-fb83-4f67-b101-cd033b630b9e]

Started POST /posts for :: ::1 at Mon Jun 10 2024 05:13:33 GMT-0400 (hora estándar de Chile)
  Parameters in body: {"titulo":"Moto","img":"https://www.yamahamotos.cl/producto/scooter-yamaha-xmax-300/","descripcion":"NX300"}
Completed: 500 message:  Time response: 7 ms Request ID: [49c91699-267b-46eb-861f-3ddb71f3f1cb]

Started POST /posts for :: ::1 at Mon Jun 10 2024 05:13:35 GMT-0400 (hora estándar de Chile)
  Parameters in body: {"titulo":"Moto","img":"https://www.yamahamotos.cl/producto/scooter-yamaha-xmax-300/","descripcion":"NX300"}
Completed: 500 message:  Time response: 6 ms Request ID: [88817860-532b-41bf-97d7-2e5072c15189]

Started POST /posts for :: ::1 at Mon Jun 10 2024 05:13:35 GMT-0400 (hora estándar de Chile)
  Parameters in body: {"titulo":"Moto","img":"https://www.yamahamotos.cl/producto/scooter-yamaha-xmax-300/","descripcion":"NX300"}
Completed: 500 message:  Time response: 10 ms Request ID: [f560e6a6-fe08-47d5-87d7-5ee8cf47c28f]

Started POST /posts for :: ::1 at Mon Jun 10 2024 05:13:46 GMT-0400 (hora estándar de Chile)
  Parameters in body: {"titulo":"Moto","img":"https://www.yamahamotos.cl/producto/scooter-yamaha-xmax-300/","descripcion":"NX300"}
Completed: 500 message:  Time response: 18 ms Request ID: [3fea4a3e-3a98-44ca-84e4-7c522ad53936]

Started POST /posts for :: ::1 at Mon Jun 10 2024 05:14:43 GMT-0400 (hora estándar de Chile)
  Parameters in body: {"titulo":"Moto","img":"https://www.yamahamotos.cl/producto/scooter-yamaha-xmax-300/","descripcion":"NX300"}
Completed: 500 message:  Time response: 20 ms Request ID: [293f2c38-6df7-4773-979b-ee8d9a889d94]

Started POST /posts for :: ::1 at Mon Jun 10 2024 05:14:45 GMT-0400 (hora estándar de Chile)
  Parameters in body: {"titulo":"Moto","img":"https://www.yamahamotos.cl/producto/scooter-yamaha-xmax-300/","descripcion":"NX300"}
Completed: 500 message:  Time response: 5 ms Request ID: [ada10a4f-fcba-4b0d-a591-6b688c09c53e]

Started POST /posts for :: ::1 at Mon Jun 10 2024 05:14:45 GMT-0400 (hora estándar de Chile)
  Parameters in body: {"titulo":"Moto","img":"https://www.yamahamotos.cl/producto/scooter-yamaha-xmax-300/","descripcion":"NX300"}
Completed: 500 message:  Time response: 5 ms Request ID: [6d5d1df8-ebc5-4043-8e13-650fe5296b0c]

Started POST /posts for :: ::1 at Mon Jun 10 2024 05:14:46 GMT-0400 (hora estándar de Chile)
  Parameters in body: {"titulo":"Moto","img":"https://www.yamahamotos.cl/producto/scooter-yamaha-xmax-300/","descripcion":"NX300"}
Completed: 500 message:  Time response: 5 ms Request ID: [38bcbcf2-6169-4948-bff2-049397084aea]

Started POST /posts for :: ::1 at Mon Jun 10 2024 05:14:53 GMT-0400 (hora estándar de Chile)
  Parameters in body: {"titulo":"Moto","img":"https://www.yamahamotos.cl/producto/scooter-yamaha-xmax-300/","descripcion":"NX300"}
Completed: 500 message:  Time response: 17 ms Request ID: [f56d254e-70a6-45fb-be08-1046a340e349]

Started POST /posts for :: ::1 at Mon Jun 10 2024 05:14:54 GMT-0400 (hora estándar de Chile)
  Parameters in body: {"titulo":"Moto","img":"https://www.yamahamotos.cl/producto/scooter-yamaha-xmax-300/","descripcion":"NX300"}
Completed: 500 message:  Time response: 6 ms Request ID: [e5c70e29-ea8d-489e-9f8f-756e31296817]

Started POST /posts for :: ::1 at Mon Jun 10 2024 05:14:55 GMT-0400 (hora estándar de Chile)
  Parameters in body: {"titulo":"Moto","img":"https://www.yamahamotos.cl/producto/scooter-yamaha-xmax-300/","descripcion":"NX300"}
Completed: 500 message:  Time response: 8 ms Request ID: [6bd45125-8de6-4e2f-8829-9ab7e118e0db]

Started POST /posts for :: ::1 at Mon Jun 10 2024 05:14:55 GMT-0400 (hora estándar de Chile)
  Parameters in body: {"titulo":"Moto","img":"https://www.yamahamotos.cl/producto/scooter-yamaha-xmax-300/","descripcion":"NX300"}
Completed: 500 message:  Time response: 5 ms Request ID: [159ac7c8-3d21-41d9-bb48-c2e1692376e1]

Started POST /posts for :: ::1 at Mon Jun 10 2024 05:14:56 GMT-0400 (hora estándar de Chile)
  Parameters in body: {"titulo":"Moto","img":"https://www.yamahamotos.cl/producto/scooter-yamaha-xmax-300/","descripcion":"NX300"}
Completed: 500 message:  Time response: 7 ms Request ID: [8c93ee80-c0ef-42fc-aae4-c1f5476700fa]

Started POST /posts for :: ::1 at Mon Jun 10 2024 05:14:56 GMT-0400 (hora estándar de Chile)
  Parameters in body: {"titulo":"Moto","img":"https://www.yamahamotos.cl/producto/scooter-yamaha-xmax-300/","descripcion":"NX300"}
Completed: 500 message:  Time response: 5 ms Request ID: [ad3b1461-7387-4050-886e-ec5b3df8647b]

Started POST /posts for :: ::1 at Mon Jun 10 2024 05:15:47 GMT-0400 (hora estándar de Chile)
  Parameters in body: {"titulo":"Moto","img":"https://www.yamahamotos.cl/producto/scooter-yamaha-xmax-300/","descripcion":"NX300"}
Completed: 500 message:  Time response: 62 ms Request ID: [8cc31405-7ea2-4070-bc5e-bc79bc8fed91]

Started POST /posts for :: ::1 at Mon Jun 10 2024 05:15:49 GMT-0400 (hora estándar de Chile)
  Parameters in body: {"titulo":"Moto","img":"https://www.yamahamotos.cl/producto/scooter-yamaha-xmax-300/","descripcion":"NX300"}
Completed: 500 message:  Time response: 49 ms Request ID: [e0563dad-0797-4135-861b-2fab3f55ebcb]

Started POST /posts for :: ::1 at Mon Jun 10 2024 05:16:43 GMT-0400 (hora estándar de Chile)
  Parameters in body: {"titulo":"Moto","img":"https://www.yamahamotos.cl/producto/scooter-yamaha-xmax-300/","descripcion":"NX300"}
Completed: 201 message:  Time response: 125 ms Request ID: [34cc316d-fe7b-4d3f-80af-fe85eb107b36]

Started GET /posts for :: ::1 at Mon Jun 10 2024 05:16:43 GMT-0400 (hora estándar de Chile)
  Parameters in body: {}
Completed: 200 message:  Time response: 6 ms Request ID: [886187e9-f9aa-41f6-ba21-30a1f4f6451e]

Started PUT /posts/like/88 for :: ::1 at Mon Jun 10 2024 05:16:48 GMT-0400 (hora estándar de Chile)
  Parameters in body: {}
Completed: 200 message:  Time response: 27 ms Request ID: [760ab4d5-44ca-4873-b0ba-60f35b0479d8]

Started GET /posts for :: ::1 at Mon Jun 10 2024 05:16:48 GMT-0400 (hora estándar de Chile)
  Parameters in body: {}
Completed: 200 message:  Time response: 4 ms Request ID: [fd48d589-5cc5-4e90-99b5-201c17f2ef5f]

Started PUT /posts/like/89 for :: ::1 at Mon Jun 10 2024 05:16:49 GMT-0400 (hora estándar de Chile)
  Parameters in body: {}
Completed: 200 message:  Time response: 8 ms Request ID: [7ba2b394-3a7c-4e9b-a405-4ec536ac6a6a]

Started GET /posts for :: ::1 at Mon Jun 10 2024 05:16:49 GMT-0400 (hora estándar de Chile)
  Parameters in body: {}
Completed: 200 message:  Time response: 4 ms Request ID: [09ebe5fe-873e-4050-a63e-609640e4747a]

Started POST /posts for :: ::1 at Mon Jun 10 2024 05:18:32 GMT-0400 (hora estándar de Chile)
  Parameters in body: {"titulo":"","img":"https://www.google.com/url?sa=i&url=https%3A%2F%2Fwww.bikesport.cl%2Fproducts%2Fmoto-honda-navi-standar&psig=AOvVaw0dcTozdI5z0QV12czi6ojo&ust=1718097458051000&source=images&cd=vfe&opi=89978449&ved=0CBIQjRxqFwoTCJiXqPfZ0IYDFQAAAAAdAAAAABAJ","descripcion":""}
Completed: 201 message:  Time response: 105 ms Request ID: [dbaab23f-54be-4b12-8cee-db026844d3b0]

Started GET /posts for :: ::1 at Mon Jun 10 2024 05:18:32 GMT-0400 (hora estándar de Chile)
  Parameters in body: {}
Completed: 200 message:  Time response: 7 ms Request ID: [e959d29d-0519-4bf3-a6db-0ff8bc241fd6]

Started POST /posts for :: ::1 at Mon Jun 10 2024 05:18:49 GMT-0400 (hora estándar de Chile)
  Parameters in body: {"titulo":"","img":"https%3A%2F%2Fwww.bikesport.cl%2Fproducts%2Fmoto-honda-navi-standar&psig=AOvVaw0dcTozdI5z0QV12czi6ojo&ust=1718097458051000&source=images&cd=vfe&opi=89978449&ved=0CBIQjRxqFwoTCJiXqPfZ0IYDFQAAAAAdAAAAABAJ","descripcion":""}
Completed: 201 message:  Time response: 45 ms Request ID: [c4c2624b-c5aa-4ef2-9f52-dd1282ea3a2d]

Started GET /posts for :: ::1 at Mon Jun 10 2024 05:18:49 GMT-0400 (hora estándar de Chile)
  Parameters in body: {}
Completed: 200 message:  Time response: 5 ms Request ID: [0aa63975-caa3-44d2-9215-7a6ef2d7bea4]

Started POST /posts for :: ::1 at Mon Jun 10 2024 05:20:00 GMT-0400 (hora estándar de Chile)
  Parameters in body: {"titulo":"","img":"https://motos.honda.com.ec/producto/cg110-38","descripcion":""}
Completed: 201 message:  Time response: 63 ms Request ID: [e44d35eb-62fb-4367-af4a-3b62d9e6e19a]

Started GET /posts for :: ::1 at Mon Jun 10 2024 05:20:00 GMT-0400 (hora estándar de Chile)
  Parameters in body: {}
Completed: 200 message:  Time response: 5 ms Request ID: [1431a48d-3013-4a2b-9511-57065c0105dd]

Started GET /posts for :: ::1 at Mon Jun 10 2024 05:20:47 GMT-0400 (hora estándar de Chile)
  Parameters in body: {}
Completed: 304 message:  Time response: 37 ms Request ID: [11f27665-af93-4de3-879e-4c1ff5cd53ec]

Started GET /posts for :: ::1 at Mon Jun 10 2024 05:20:47 GMT-0400 (hora estándar de Chile)
  Parameters in body: {}
Completed: 304 message:  Time response: 3 ms Request ID: [1f62b71c-aa83-4cc7-8562-c091fe42a5d4]

Started POST /posts for :: ::1 at Mon Jun 10 2024 05:20:51 GMT-0400 (hora estándar de Chile)
  Parameters in body: {"titulo":"","img":"","descripcion":""}
Completed: 201 message:  Time response: 6 ms Request ID: [6640b5f4-2da7-432f-8545-fed05ba223ac]

Started GET /posts for :: ::1 at Mon Jun 10 2024 05:20:51 GMT-0400 (hora estándar de Chile)
  Parameters in body: {}
Completed: 200 message:  Time response: 5 ms Request ID: [282316df-8a4f-4b0a-a84b-d4f13e17e785]

Started POST /posts for :: ::1 at Mon Jun 10 2024 05:26:33 GMT-0400 (hora estándar de Chile)
  Parameters in body: {"titulo":"","img":"","descripcion":""}
Completed: 500 message:  Time response: 66 ms Request ID: [3e3317e4-03a2-4009-9957-d0fcfa169b34]

Started POST /posts for :: ::1 at Mon Jun 10 2024 05:26:34 GMT-0400 (hora estándar de Chile)
  Parameters in body: {"titulo":"","img":"","descripcion":""}
Completed: 500 message:  Time response: 40 ms Request ID: [144e9d50-a133-4fcc-9d8c-56c24e5f5253]

Started DELETE /posts/93 for :: ::1 at Mon Jun 10 2024 05:26:37 GMT-0400 (hora estándar de Chile)
  Parameters in body: {}
Completed: 500 message:  Time response: 35 ms Request ID: [4814e1f5-31a9-4c61-8c0f-a81a99ed24f9]

Started DELETE /posts/90 for :: ::1 at Mon Jun 10 2024 05:26:39 GMT-0400 (hora estándar de Chile)
  Parameters in body: {}
Completed: 500 message:  Time response: 32 ms Request ID: [f05b589d-ed56-43dd-8623-43d725158f0c]

Started DELETE /posts/90 for :: ::1 at Mon Jun 10 2024 05:26:40 GMT-0400 (hora estándar de Chile)
  Parameters in body: {}
Completed: 500 message:  Time response: 35 ms Request ID: [fe8fb8d3-8eec-4378-8326-4ed6eec734e3]

Started DELETE /posts/89 for :: ::1 at Mon Jun 10 2024 05:26:41 GMT-0400 (hora estándar de Chile)
  Parameters in body: {}
Completed: 500 message:  Time response: 37 ms Request ID: [e7d02c20-9de0-45f0-a455-ab644c163c6f]

Started POST /posts for :: ::1 at Mon Jun 10 2024 05:27:10 GMT-0400 (hora estándar de Chile)
  Parameters in body: {"titulo":"","img":"","descripcion":""}
Completed: 500 message:  Time response: 45 ms Request ID: [466bd309-4708-4257-91eb-7738994193fb]

Started DELETE /posts/91 for :: ::1 at Mon Jun 10 2024 05:27:12 GMT-0400 (hora estándar de Chile)
  Parameters in body: {}
Completed: 500 message:  Time response: 66 ms Request ID: [073109e0-cfaf-44be-8afd-6a878436d011]

Started DELETE /posts/92 for :: ::1 at Mon Jun 10 2024 05:27:13 GMT-0400 (hora estándar de Chile)
  Parameters in body: {}
Completed: 500 message:  Time response: 39 ms Request ID: [fafb3ce6-a1a5-43e0-8a4c-040b25d02872]

Started PUT /posts/like/90 for :: ::1 at Mon Jun 10 2024 05:27:28 GMT-0400 (hora estándar de Chile)
  Parameters in body: {}
Completed: 500 message:  Time response: 32 ms Request ID: [a9897c0b-3bac-4ae7-96a3-13bcb2964115]

Started PUT /posts/like/89 for :: ::1 at Mon Jun 10 2024 05:27:30 GMT-0400 (hora estándar de Chile)
  Parameters in body: {}
Completed: 500 message:  Time response: 31 ms Request ID: [46fdc043-b502-4a3c-9abc-3cb6fc0a5e90]

Started PUT /posts/like/89 for :: ::1 at Mon Jun 10 2024 05:27:31 GMT-0400 (hora estándar de Chile)
  Parameters in body: {}
Completed: 500 message:  Time response: 40 ms Request ID: [6c55a915-8a48-4dde-ace5-0b2a36e207ef]

Started DELETE /posts/89 for :: ::1 at Mon Jun 10 2024 05:27:32 GMT-0400 (hora estándar de Chile)
  Parameters in body: {}
Completed: 500 message:  Time response: 35 ms Request ID: [de889bf8-0d0e-4af3-8cb3-0292758f1e87]

Started DELETE /posts/89 for :: ::1 at Mon Jun 10 2024 05:27:47 GMT-0400 (hora estándar de Chile)
  Parameters in body: {}
Completed: 500 message:  Time response: 40 ms Request ID: [6c42eaaa-a59a-4987-9a30-664d2d377258]

Started DELETE /posts/90 for :: ::1 at Mon Jun 10 2024 05:27:48 GMT-0400 (hora estándar de Chile)
  Parameters in body: {}
Completed: 500 message:  Time response: 46 ms Request ID: [16c97c00-0e50-47ae-91bc-8545a96a939c]

Started GET / for :: ::1 at Mon Jun 10 2024 05:30:13 GMT-0400 (hora estándar de Chile)
  Parameters in body: {}
Completed: 404 message:  Time response: 8 ms Request ID: [0565b4dc-daf0-4060-b573-d7c409edb579]

Started POST /posts for :: ::1 at Mon Jun 10 2024 05:30:59 GMT-0400 (hora estándar de Chile)
  Parameters in body: {"titulo":"","img":"","descripcion":""}
Completed: 500 message:  Time response: 72 ms Request ID: [7e8316c9-db37-4944-8fb5-9e70435b1ec0]

Started POST /posts for :: ::1 at Mon Jun 10 2024 05:31:01 GMT-0400 (hora estándar de Chile)
  Parameters in body: {"titulo":"","img":"","descripcion":""}
Completed: 500 message:  Time response: 52 ms Request ID: [3467003e-8527-4abe-82ae-aaa6688be281]

Started POST /posts for :: ::1 at Mon Jun 10 2024 05:31:01 GMT-0400 (hora estándar de Chile)
  Parameters in body: {"titulo":"","img":"","descripcion":""}
Completed: 500 message:  Time response: 43 ms Request ID: [17fa6b73-b5c5-4258-a534-f038422d973b]

Started GET / for :: ::1 at Mon Jun 10 2024 05:34:26 GMT-0400 (hora estándar de Chile)
  Parameters in body: {}
Completed: 404 message:  Time response: 12 ms Request ID: [bcd8b676-a933-4abf-ac0b-77958f37a271]

Started DELETE /posts/91 for :: ::1 at Mon Jun 10 2024 05:34:33 GMT-0400 (hora estándar de Chile)
  Parameters in body: {}
Completed: 500 message:  Time response: 132 ms Request ID: [9bdf2f93-0acf-479c-a13a-a81bc84ad130]

Started DELETE /posts/92 for :: ::1 at Mon Jun 10 2024 05:34:37 GMT-0400 (hora estándar de Chile)
  Parameters in body: {}
Completed: 500 message:  Time response: 48 ms Request ID: [acdabf77-e422-42b3-b386-b9795da44d32]

Started DELETE /posts/93 for :: ::1 at Mon Jun 10 2024 05:34:39 GMT-0400 (hora estándar de Chile)
  Parameters in body: {}
Completed: 500 message:  Time response: 51 ms Request ID: [338286c2-84c8-4e98-b2c4-61e0c52e4dc2]

Started DELETE /posts/90 for :: ::1 at Mon Jun 10 2024 05:34:46 GMT-0400 (hora estándar de Chile)
  Parameters in body: {}
Completed: 500 message:  Time response: 37 ms Request ID: [f21452f3-c38c-42c2-a397-29ff060d80dd]

Started GET / for :: ::1 at Mon Jun 10 2024 05:40:22 GMT-0400 (hora estándar de Chile)
  Parameters in body: {}
Completed: 404 message:  Time response: 32 ms Request ID: [fac31a11-ee8f-46e1-91a2-0b446b3b2299]

Started DELETE /posts/90 for :: ::1 at Mon Jun 10 2024 05:40:36 GMT-0400 (hora estándar de Chile)
  Parameters in body: {}
Completed: 204 message:  Time response: 102 ms Request ID: [92fbed83-25dc-4e73-bdbe-81119311b388]

Started GET /posts for :: ::1 at Mon Jun 10 2024 05:40:36 GMT-0400 (hora estándar de Chile)
  Parameters in body: {}
Completed: 200 message:  Time response: 9 ms Request ID: [aabf0d4b-0f0f-4c5d-881f-035f24ba8ced]

Started DELETE /posts/91 for :: ::1 at Mon Jun 10 2024 05:40:37 GMT-0400 (hora estándar de Chile)
  Parameters in body: {}
Completed: 204 message:  Time response: 3 ms Request ID: [0186c13f-8edb-43c8-a677-8082e95b26ca]

Started GET /posts for :: ::1 at Mon Jun 10 2024 05:40:37 GMT-0400 (hora estándar de Chile)
  Parameters in body: {}
Completed: 200 message:  Time response: 3 ms Request ID: [bc599f4c-b3d2-4c15-883f-2d5076696b21]

Started DELETE /posts/92 for :: ::1 at Mon Jun 10 2024 05:40:37 GMT-0400 (hora estándar de Chile)
  Parameters in body: {}
Completed: 204 message:  Time response: 4 ms Request ID: [342e5947-cfc0-462e-b2bb-83c94e112411]

Started GET /posts for :: ::1 at Mon Jun 10 2024 05:40:37 GMT-0400 (hora estándar de Chile)
  Parameters in body: {}
Completed: 200 message:  Time response: 5 ms Request ID: [0aa03651-3126-433f-b6d7-7947a213bc93]

Started POST /posts for :: ::1 at Mon Jun 10 2024 05:40:40 GMT-0400 (hora estándar de Chile)
  Parameters in body: {"titulo":"","img":"","descripcion":""}
Completed: 201 message:  Time response: 6 ms Request ID: [08318308-fb92-499d-9556-10dc94277ba8]

Started GET /posts for :: ::1 at Mon Jun 10 2024 05:40:40 GMT-0400 (hora estándar de Chile)
  Parameters in body: {}
Completed: 200 message:  Time response: 6 ms Request ID: [9a66ceb9-ea66-4946-8ef2-606070c4140c]

Started POST /posts for :: ::1 at Mon Jun 10 2024 05:42:58 GMT-0400 (hora estándar de Chile)
  Parameters in body: {"titulo":"","img":"https://static.retail.autofact.cl/blog/c_img_740x370.1mhesv9l8t62fa2.jpg","descripcion":""}
Completed: 201 message:  Time response: 71 ms Request ID: [7676e3c6-80f0-4706-ae62-fe5bdcc16b91]

Started GET /posts for :: ::1 at Mon Jun 10 2024 05:42:58 GMT-0400 (hora estándar de Chile)
  Parameters in body: {}
Completed: 200 message:  Time response: 4 ms Request ID: [8babcd74-0365-4ef1-80c1-7e88d18207b1]

Started PUT /posts/like/95 for :: ::1 at Mon Jun 10 2024 05:43:05 GMT-0400 (hora estándar de Chile)
  Parameters in body: {}
Completed: 200 message:  Time response: 20 ms Request ID: [5058db3d-cd9e-41af-8f7d-ca3d23613443]

Started GET /posts for :: ::1 at Mon Jun 10 2024 05:43:05 GMT-0400 (hora estándar de Chile)
  Parameters in body: {}
Completed: 200 message:  Time response: 3 ms Request ID: [b7c42f67-daaf-4ab9-8395-dd13bbc585be]

Started DELETE /posts/93 for :: ::1 at Mon Jun 10 2024 05:43:08 GMT-0400 (hora estándar de Chile)
  Parameters in body: {}
Completed: 204 message:  Time response: 19 ms Request ID: [2cd2ae35-88c3-4616-a104-91307d2c2b8d]

Started GET /posts for :: ::1 at Mon Jun 10 2024 05:43:08 GMT-0400 (hora estándar de Chile)
  Parameters in body: {}
Completed: 200 message:  Time response: 3 ms Request ID: [c5d3dbea-2b1e-4cd3-b137-ad342627b964]

Started DELETE /posts/89 for :: ::1 at Mon Jun 10 2024 05:43:09 GMT-0400 (hora estándar de Chile)
  Parameters in body: {}
Completed: 204 message:  Time response: 15 ms Request ID: [a09cf132-d236-4541-bd73-a0945259ac08]

Started GET /posts for :: ::1 at Mon Jun 10 2024 05:43:09 GMT-0400 (hora estándar de Chile)
  Parameters in body: {}
Completed: 200 message:  Time response: 4 ms Request ID: [bcf28812-237e-4b9f-82b4-a9067c9f0cb1]

Started DELETE /posts/94 for :: ::1 at Mon Jun 10 2024 05:43:11 GMT-0400 (hora estándar de Chile)
  Parameters in body: {}
Completed: 204 message:  Time response: 3 ms Request ID: [16fc2b5c-7243-41ed-8aa6-00f67ed76862]

Started GET /posts for :: ::1 at Mon Jun 10 2024 05:43:11 GMT-0400 (hora estándar de Chile)
  Parameters in body: {}
Completed: 200 message:  Time response: 2 ms Request ID: [cda4a0c4-c6ae-4c9b-8cf5-2809e91bcd02]

Started DELETE /posts/88 for :: ::1 at Mon Jun 10 2024 05:43:13 GMT-0400 (hora estándar de Chile)
  Parameters in body: {}
Completed: 204 message:  Time response: 4 ms Request ID: [03a6b2ec-fb7b-40ce-8363-ddd2513258e2]

Started GET /posts for :: ::1 at Mon Jun 10 2024 05:43:13 GMT-0400 (hora estándar de Chile)
  Parameters in body: {}
Completed: 200 message:  Time response: 4 ms Request ID: [0dde3952-c03b-46f0-9639-830d0143a102]

Started POST /posts for :: ::1 at Mon Jun 10 2024 05:43:54 GMT-0400 (hora estándar de Chile)
  Parameters in body: {"titulo":"","img":"https://www.h-dsantiago.cl/img/motos2022/sportsterS/whiteSandPearl/1.jpg","descripcion":"Harley"}
Completed: 201 message:  Time response: 48 ms Request ID: [de8a16cd-f0be-487e-95e4-e36ef91e9475]

Started GET /posts for :: ::1 at Mon Jun 10 2024 05:43:54 GMT-0400 (hora estándar de Chile)
  Parameters in body: {}
Completed: 200 message:  Time response: 4 ms Request ID: [66a3239b-8ade-4910-8979-70b3667756d6]

Started PUT /posts/like/96 for :: ::1 at Mon Jun 10 2024 05:44:01 GMT-0400 (hora estándar de Chile)
  Parameters in body: {}
Completed: 200 message:  Time response: 18 ms Request ID: [53156dd1-d83b-4c92-b39a-0193a87affd0]

Started GET /posts for :: ::1 at Mon Jun 10 2024 05:44:01 GMT-0400 (hora estándar de Chile)
  Parameters in body: {}
Completed: 200 message:  Time response: 4 ms Request ID: [0464b11d-1217-474b-8ac0-cf9f8ad81f82]

Started PUT /posts/like/96 for :: ::1 at Mon Jun 10 2024 05:44:02 GMT-0400 (hora estándar de Chile)
  Parameters in body: {}
Completed: 200 message:  Time response: 16 ms Request ID: [bea0edbb-6b9b-4277-a29b-40e80dba8c07]

Started GET /posts for :: ::1 at Mon Jun 10 2024 05:44:02 GMT-0400 (hora estándar de Chile)
  Parameters in body: {}
Completed: 304 message:  Time response: 2 ms Request ID: [68bb8720-a493-46cb-bf73-e655c8642ff2]

Started PUT /posts/like/96 for :: ::1 at Mon Jun 10 2024 05:44:03 GMT-0400 (hora estándar de Chile)
  Parameters in body: {}
Completed: 200 message:  Time response: 5 ms Request ID: [b75c831b-b8b9-4de5-8259-ca933c7492be]

Started GET /posts for :: ::1 at Mon Jun 10 2024 05:44:03 GMT-0400 (hora estándar de Chile)
  Parameters in body: {}
Completed: 304 message:  Time response: 5 ms Request ID: [63788193-c894-475a-b0c8-5892d640fa82]

Started PUT /posts/like/96 for :: ::1 at Mon Jun 10 2024 05:44:03 GMT-0400 (hora estándar de Chile)
  Parameters in body: {}
Completed: 200 message:  Time response: 10 ms Request ID: [9ae105ee-bc22-4ae2-ad30-3896a12853f0]

Started GET /posts for :: ::1 at Mon Jun 10 2024 05:44:03 GMT-0400 (hora estándar de Chile)
  Parameters in body: {}
Completed: 304 message:  Time response: 3 ms Request ID: [6c8e311a-626a-4ceb-967d-17999692c202]

Started GET /posts for :: ::ffff:127.0.0.1 at Mon Jun 10 2024 05:44:21 GMT-0400 (hora estándar de Chile)
  Parameters in body: {"titulo":"Hola","img":"https://www.yamahamotos.cl/producto/scooter-yamaha-xmax-300/","descripcion":"NX300"}
Completed: 200 message:  Time response: 48 ms Request ID: [5f31a89c-bd00-4b3b-8db3-adc124d74488]

Started POST /posts for :: ::ffff:127.0.0.1 at Mon Jun 10 2024 05:44:40 GMT-0400 (hora estándar de Chile)
  Parameters in body: {"titulo":"Hola","img":"https://www.yamahamotos.cl/producto/scooter-yamaha-xmax-300/","descripcion":"NX300"}
Completed: 201 message:  Time response: 60 ms Request ID: [aeadb4c3-da42-4519-be44-0c51eb2b7ff3]

Started PUT /posts/97 for :: ::ffff:127.0.0.1 at Mon Jun 10 2024 05:45:23 GMT-0400 (hora estándar de Chile)
  Parameters in body: {"titulo":"Chao","img":"https://www.yamahamotos.cl/producto/scooter-yamaha-xmax-300/","descripcion":"NX300"}
Completed: 404 message:  Time response: 2 ms Request ID: [1a6dc662-fb7d-4be7-8e7b-1cf18c5408cc]

Started GET /posts for :: ::ffff:127.0.0.1 at Mon Jun 10 2024 05:45:40 GMT-0400 (hora estándar de Chile)
  Parameters in body: {"titulo":"Chao","img":"https://www.yamahamotos.cl/producto/scooter-yamaha-xmax-300/","descripcion":"NX300"}
Completed: 200 message:  Time response: 59 ms Request ID: [7fa47211-4ddd-4507-831d-5270fd75a821]

Started PUT /posts/97 for :: ::ffff:127.0.0.1 at Mon Jun 10 2024 05:47:14 GMT-0400 (hora estándar de Chile)
  Parameters in body: {"titulo":"Chao","img":"https://www.yamahamotos.cl/producto/scooter-yamaha-xmax-300/","descripcion":"NX200"}
Completed: 404 message:  Time response: 6 ms Request ID: [79b3bde2-1bf6-4dfd-853a-6c47db6f4273]

Started PUT /posts/97 for :: ::ffff:127.0.0.1 at Mon Jun 10 2024 05:47:16 GMT-0400 (hora estándar de Chile)
  Parameters in body: {"titulo":"Chao","img":"https://www.yamahamotos.cl/producto/scooter-yamaha-xmax-300/","descripcion":"NX200"}
Completed: 404 message:  Time response: 4 ms Request ID: [9e87002a-3d2c-4050-aa9b-0858521f0169]

Started GET /posts for :: ::ffff:127.0.0.1 at Mon Jun 10 2024 05:47:40 GMT-0400 (hora estándar de Chile)
  Parameters in body: {"titulo":"Chao","img":"https://www.yamahamotos.cl/producto/scooter-yamaha-xmax-300/","descripcion":"NX200"}
Completed: 200 message:  Time response: 47 ms Request ID: [ed02145d-e6a6-450a-b4ce-1f334cdab777]

Started PUT /posts/like/96 for :: ::1 at Mon Jun 10 2024 05:49:15 GMT-0400 (hora estándar de Chile)
  Parameters in body: {}
Completed: 200 message:  Time response: 109 ms Request ID: [18dba548-b2cc-425d-ae48-ded520cdbc84]

Started GET /posts for :: ::1 at Mon Jun 10 2024 05:49:15 GMT-0400 (hora estándar de Chile)
  Parameters in body: {}
Completed: 200 message:  Time response: 3 ms Request ID: [48b81323-23f0-4adb-acf5-cc5880237e3f]

Started PUT /posts/like/97 for :: ::1 at Mon Jun 10 2024 05:49:19 GMT-0400 (hora estándar de Chile)
  Parameters in body: {}
Completed: 200 message:  Time response: 14 ms Request ID: [735b60cd-35a4-4701-b930-cf2965c169a2]

Started GET /posts for :: ::1 at Mon Jun 10 2024 05:49:19 GMT-0400 (hora estándar de Chile)
  Parameters in body: {}
Completed: 200 message:  Time response: 3 ms Request ID: [ea9782b5-f25a-4970-ac1f-37b219f42290]

Started PUT /posts/like/96 for :: ::1 at Mon Jun 10 2024 05:49:21 GMT-0400 (hora estándar de Chile)
  Parameters in body: {}
Completed: 200 message:  Time response: 3 ms Request ID: [4f6de571-4059-4563-8461-931ace13cb93]

Started GET /posts for :: ::1 at Mon Jun 10 2024 05:49:21 GMT-0400 (hora estándar de Chile)
  Parameters in body: {}
Completed: 200 message:  Time response: 3 ms Request ID: [6a956cfb-69b1-416e-9487-6c9a77e0736e]

Started PUT /posts/like/97 for :: ::1 at Mon Jun 10 2024 05:49:23 GMT-0400 (hora estándar de Chile)
  Parameters in body: {}
Completed: 200 message:  Time response: 13 ms Request ID: [9a76bde8-739f-44a6-8567-84576ee8a79b]

Started GET /posts for :: ::1 at Mon Jun 10 2024 05:49:23 GMT-0400 (hora estándar de Chile)
  Parameters in body: {}
Completed: 200 message:  Time response: 4 ms Request ID: [00886bfc-9d1d-4454-8fd2-bfb4dad772f7]

Started PUT /posts/like/95 for :: ::1 at Mon Jun 10 2024 05:50:12 GMT-0400 (hora estándar de Chile)
  Parameters in body: {}
Completed: 200 message:  Time response: 78 ms Request ID: [b887ec59-dfd5-4bdc-ae8e-44010ca588a8]

Started GET /posts for :: ::1 at Mon Jun 10 2024 05:50:12 GMT-0400 (hora estándar de Chile)
  Parameters in body: {}
Completed: 200 message:  Time response: 3 ms Request ID: [bf207566-0515-43cb-b9f6-5b97cb071d8e]

Started PUT /posts/like/95 for :: ::1 at Mon Jun 10 2024 05:50:20 GMT-0400 (hora estándar de Chile)
  Parameters in body: {}
Completed: 200 message:  Time response: 6 ms Request ID: [1285fef6-d25c-4cf2-b0e5-8c89fa811118]

Started GET /posts for :: ::1 at Mon Jun 10 2024 05:50:20 GMT-0400 (hora estándar de Chile)
  Parameters in body: {}
Completed: 304 message:  Time response: 5 ms Request ID: [bad1d542-c45e-4328-a33f-b3aa6fdac783]

Started PUT /posts/like/95 for :: ::1 at Mon Jun 10 2024 05:50:22 GMT-0400 (hora estándar de Chile)
  Parameters in body: {}
Completed: 200 message:  Time response: 7 ms Request ID: [a57bf7f1-74ba-405d-8f1a-0b6faf5a27dd]

Started GET /posts for :: ::1 at Mon Jun 10 2024 05:50:22 GMT-0400 (hora estándar de Chile)
  Parameters in body: {}
Completed: 304 message:  Time response: 5 ms Request ID: [e3ec3b0d-df0a-415e-8aa6-80aed6b360c4]

Started PUT /posts/like/95 for :: ::1 at Mon Jun 10 2024 05:50:22 GMT-0400 (hora estándar de Chile)
  Parameters in body: {}
Completed: 200 message:  Time response: 16 ms Request ID: [8678fe79-30b0-496f-a37c-c6f0d286555a]

Started GET /posts for :: ::1 at Mon Jun 10 2024 05:50:22 GMT-0400 (hora estándar de Chile)
  Parameters in body: {}
Completed: 304 message:  Time response: 4 ms Request ID: [6df1fad2-c2a7-4ad6-a2e3-264ccb6fbf27]

Started PUT /posts/like/95 for :: ::1 at Mon Jun 10 2024 05:50:23 GMT-0400 (hora estándar de Chile)
  Parameters in body: {}
Completed: 200 message:  Time response: 16 ms Request ID: [0a96218b-ad6f-4817-88e1-af0fb3e64fbf]

Started GET /posts for :: ::1 at Mon Jun 10 2024 05:50:23 GMT-0400 (hora estándar de Chile)
  Parameters in body: {}
Completed: 304 message:  Time response: 3 ms Request ID: [cf547491-abac-46c4-8073-c9112dbf7c22]

Started PUT /posts/like/97 for :: ::1 at Mon Jun 10 2024 05:50:24 GMT-0400 (hora estándar de Chile)
  Parameters in body: {}
Completed: 200 message:  Time response: 4 ms Request ID: [7d4cbf11-b946-4574-9e2b-924bf4466811]

Started GET /posts for :: ::1 at Mon Jun 10 2024 05:50:24 GMT-0400 (hora estándar de Chile)
  Parameters in body: {}
Completed: 200 message:  Time response: 2 ms Request ID: [73dbc9f5-8f35-40de-9c95-f79ae21adff0]

Started PUT /posts/like/95 for :: ::1 at Mon Jun 10 2024 05:50:26 GMT-0400 (hora estándar de Chile)
  Parameters in body: {}
Completed: 200 message:  Time response: 17 ms Request ID: [a855e523-8836-4b93-bb92-c78e7f76002e]

Started GET /posts for :: ::1 at Mon Jun 10 2024 05:50:26 GMT-0400 (hora estándar de Chile)
  Parameters in body: {}
Completed: 200 message:  Time response: 3 ms Request ID: [1062e722-6c3d-4631-98f6-e49f62e1cd28]

Started PUT /posts/like/95 for :: ::1 at Mon Jun 10 2024 05:50:29 GMT-0400 (hora estándar de Chile)
  Parameters in body: {}
Completed: 200 message:  Time response: 8 ms Request ID: [e998aed0-c571-488f-a386-80c751a66d33]

Started GET /posts for :: ::1 at Mon Jun 10 2024 05:50:29 GMT-0400 (hora estándar de Chile)
  Parameters in body: {}
Completed: 304 message:  Time response: 4 ms Request ID: [61139ae3-651f-4512-8743-8ab2557f7f0d]

Started PUT /posts/like/97 for :: ::1 at Mon Jun 10 2024 05:50:31 GMT-0400 (hora estándar de Chile)
  Parameters in body: {}
Completed: 200 message:  Time response: 17 ms Request ID: [f88972be-cd07-46eb-9d64-071b08bdc530]

Started GET /posts for :: ::1 at Mon Jun 10 2024 05:50:31 GMT-0400 (hora estándar de Chile)
  Parameters in body: {}
Completed: 200 message:  Time response: 2 ms Request ID: [676394a0-4b9a-419e-b61b-11af70e433e9]

Started DELETE /posts/97 for :: ::1 at Mon Jun 10 2024 05:50:36 GMT-0400 (hora estándar de Chile)
  Parameters in body: {}
Completed: 204 message:  Time response: 3 ms Request ID: [001d5289-dffb-4b68-a3d6-e2c973cfe019]

Started GET /posts for :: ::1 at Mon Jun 10 2024 05:50:36 GMT-0400 (hora estándar de Chile)
  Parameters in body: {}
Completed: 200 message:  Time response: 2 ms Request ID: [0a5f44af-4fce-4600-9e3f-f8fa5cec3ceb]

Started DELETE /posts/95 for :: ::ffff:127.0.0.1 at Mon Jun 10 2024 05:51:19 GMT-0400 (hora estándar de Chile)
  Parameters in body: {}
Completed: 204 message:  Time response: 52 ms Request ID: [c1f8d281-cdb1-424e-a7ca-62b6d8d405e8]

Started GET /posts for :: ::ffff:127.0.0.1 at Mon Jun 10 2024 05:51:32 GMT-0400 (hora estándar de Chile)
  Parameters in body: {}
Completed: 200 message:  Time response: 45 ms Request ID: [bd99a509-41fe-4d33-ac88-0c7dc09b08cb]

Started POST /posts for :: ::ffff:127.0.0.1 at Mon Jun 10 2024 05:51:47 GMT-0400 (hora estándar de Chile)
  Parameters in body: {}
Completed: 201 message:  Time response: 45 ms Request ID: [c844d42f-5a12-4dc9-80aa-a4c298a432ab]

Started POST /posts for :: ::ffff:127.0.0.1 at Mon Jun 10 2024 05:53:53 GMT-0400 (hora estándar de Chile)
  Parameters in body: {"titulo":"Chanfle","img":"https://www.motor.mapfre.es/media/2018/09/Como-seran-motos-futuro-1100x407.jpg","descripcion":"MOTO"}
Completed: 201 message:  Time response: 85 ms Request ID: [1929fd05-e79c-42df-a2d7-d3c277cb1b35]

Started GET / for :: ::ffff:127.0.0.1 at Mon Jun 10 2024 05:54:28 GMT-0400 (hora estándar de Chile)
  Parameters in body: {"titulo":"Chanfle","img":"https://www.motor.mapfre.es/media/2018/09/Como-seran-motos-futuro-1100x407.jpg","descripcion":"MOTO"}
Completed: 404 message:  Time response: 3 ms Request ID: [434d8aa1-2f3d-4db2-b668-94ea41aac143]

Started GET / for :: ::ffff:127.0.0.1 at Mon Jun 10 2024 05:54:29 GMT-0400 (hora estándar de Chile)
  Parameters in body: {"titulo":"Chanfle","img":"https://www.motor.mapfre.es/media/2018/09/Como-seran-motos-futuro-1100x407.jpg","descripcion":"MOTO"}
Completed: 404 message:  Time response: 2 ms Request ID: [756de945-11cb-4eaa-96b3-6da5bfe51bcd]

Started GET / for :: ::ffff:127.0.0.1 at Mon Jun 10 2024 05:54:38 GMT-0400 (hora estándar de Chile)
  Parameters in body: {}
Completed: 404 message:  Time response: 2 ms Request ID: [3d9aac07-ba6a-4a18-839f-32c7225924d6]

Started GET / for :: ::ffff:127.0.0.1 at Mon Jun 10 2024 05:54:43 GMT-0400 (hora estándar de Chile)
  Parameters in body: {}
Completed: 404 message:  Time response: 6 ms Request ID: [8fdc2dd3-de5e-4830-9ec0-0f0228443751]

Started POST / for :: ::ffff:127.0.0.1 at Mon Jun 10 2024 05:54:49 GMT-0400 (hora estándar de Chile)
  Parameters in body: {}
Completed: 404 message:  Time response: 3 ms Request ID: [6bbf58f8-8335-45d2-b977-78ea264f245b]

Started GET /posts for :: ::ffff:127.0.0.1 at Mon Jun 10 2024 05:55:04 GMT-0400 (hora estándar de Chile)
  Parameters in body: {}
Completed: 200 message:  Time response: 53 ms Request ID: [2f1915ad-7748-443b-994d-df9c746d429d]

Started DELETE /posts/99 for :: ::ffff:127.0.0.1 at Mon Jun 10 2024 05:59:06 GMT-0400 (hora estándar de Chile)
  Parameters in body: {}
Completed: 204 message:  Time response: 105 ms Request ID: [99a9a83a-7ff6-4a97-a6bf-078e313c78fa]

Started GET /posts for :: ::ffff:127.0.0.1 at Mon Jun 10 2024 05:59:22 GMT-0400 (hora estándar de Chile)
  Parameters in body: {}
Completed: 200 message:  Time response: 48 ms Request ID: [e7c7b1c5-1d26-49ae-9ca4-2ababb420dfd]

Started DELETE /posts/98 for :: ::ffff:127.0.0.1 at Mon Jun 10 2024 05:59:40 GMT-0400 (hora estándar de Chile)
  Parameters in body: {}
Completed: 204 message:  Time response: 56 ms Request ID: [a050951d-1b4d-4aae-9ece-c433489fb02b]

Started GET /posts for :: ::ffff:127.0.0.1 at Mon Jun 10 2024 05:59:46 GMT-0400 (hora estándar de Chile)
  Parameters in body: {}
Completed: 200 message:  Time response: 5 ms Request ID: [3c2b0744-a6da-4bf7-a687-76e89ea6b1b9]

Started GET /posts for :: ::1 at Mon Jun 10 2024 06:09:50 GMT-0400 (hora estándar de Chile)
  Parameters in body: {}
Completed: 200 message:  Time response: 188 ms Request ID: [9f9fc5c2-f62d-4286-b4e5-1df251fb6d10]

Started GET /posts for :: ::1 at Mon Jun 10 2024 06:09:50 GMT-0400 (hora estándar de Chile)
  Parameters in body: {}
Completed: 304 message:  Time response: 7 ms Request ID: [beb33b52-690c-4e8f-ab7b-8ffab604d269]

Started GET /posts for :: ::1 at Mon Jun 10 2024 06:09:51 GMT-0400 (hora estándar de Chile)
  Parameters in body: {}
Completed: 304 message:  Time response: 4 ms Request ID: [0e60ecec-f6ef-4849-abd4-c85f6c2ed74b]

Started GET /posts for :: ::1 at Mon Jun 10 2024 06:09:51 GMT-0400 (hora estándar de Chile)
  Parameters in body: {}
Completed: 304 message:  Time response: 5 ms Request ID: [52c5f01d-6391-4470-b3ea-9a47ceeaa464]

Started POST /posts/96 for :: ::ffff:127.0.0.1 at Mon Jun 10 2024 06:22:38 GMT-0400 (hora estándar de Chile)
  Parameters in body: {"id":96,"titulo":"Locotron","img":"https://www.h-dsantiago.cl/img/motos2022/sportsterS/whiteSandPearl/1.jpg","descripcion":"Harley Davidson","likes":1}
Completed: 404 message:  Time response: 9 ms Request ID: [995fe59c-a858-493a-81f3-e7fda674b76a]

Started PUT /posts/96 for :: ::ffff:127.0.0.1 at Mon Jun 10 2024 06:22:49 GMT-0400 (hora estándar de Chile)
  Parameters in body: {"id":96,"titulo":"Locotron","img":"https://www.h-dsantiago.cl/img/motos2022/sportsterS/whiteSandPearl/1.jpg","descripcion":"Harley Davidson","likes":1}
Completed: 500 message:  Time response: 10 ms Request ID: [51490412-24c6-4900-8699-44bc89ce1d17]

Started GET /posts for :: ::ffff:127.0.0.1 at Mon Jun 10 2024 06:23:04 GMT-0400 (hora estándar de Chile)
  Parameters in body: {"id":96,"titulo":"Locotron","img":"https://www.h-dsantiago.cl/img/motos2022/sportsterS/whiteSandPearl/1.jpg","descripcion":"Harley Davidson","likes":1}
Completed: 200 message:  Time response: 162 ms Request ID: [b26ceb2c-a060-4976-b878-606f10eb3b6f]

Started PUT /posts/96 for :: ::ffff:127.0.0.1 at Mon Jun 10 2024 06:24:35 GMT-0400 (hora estándar de Chile)
  Parameters in body: {"id":96,"titulo":"Locotron","img":"https://www.h-dsantiago.cl/img/motos2022/sportsterS/whiteSandPearl/1.jpg","descripcion":"Harley Davidson","likes":1}
Completed: 500 message:  Time response: 10 ms Request ID: [68e28e11-25b0-44ce-a9de-0278e9836f5d]

Started GET /posts for :: ::ffff:127.0.0.1 at Mon Jun 10 2024 06:25:52 GMT-0400 (hora estándar de Chile)
  Parameters in body: {"id":96,"titulo":"Locotron","img":"https://www.h-dsantiago.cl/img/motos2022/sportsterS/whiteSandPearl/1.jpg","descripcion":"Harley Davidson","likes":1}
Completed: 200 message:  Time response: 64 ms Request ID: [21a147e7-ac98-4839-b7b4-a88e75f8957b]

Started PUT /posts/96 for :: ::ffff:127.0.0.1 at Mon Jun 10 2024 06:26:10 GMT-0400 (hora estándar de Chile)
  Parameters in body: {"id":96,"titulo":"Locotron","img":"https://www.h-dsantiago.cl/img/motos2022/sportsterS/whiteSandPearl/1.jpg","descripcion":"Harley Davidson","likes":1}
Completed: 500 message:  Time response: 5 ms Request ID: [f5c2fd79-9365-4e2d-9e74-798aee797bae]

Started PUT /posts/96 for :: ::ffff:127.0.0.1 at Mon Jun 10 2024 06:26:33 GMT-0400 (hora estándar de Chile)
  Parameters in body: {"id":96,"titulo":"Locotron","img":"https://www.h-dsantiago.cl/img/motos2022/sportsterS/whiteSandPearl/1.jpg","descripcion":"Harley Davidson"}
Completed: 500 message:  Time response: 5 ms Request ID: [f6db1d89-3ed1-4e0f-8d69-bbb29c3713fd]

Started PUT /posts/96 for :: ::ffff:127.0.0.1 at Mon Jun 10 2024 06:26:44 GMT-0400 (hora estándar de Chile)
  Parameters in body: {"id":96,"titulo":"Locotron","img":"https://www.h-dsantiago.cl/img/motos2022/sportsterS/whiteSandPearl/1.jpg","descripcion":"Harley Davidson"}
Completed: 500 message:  Time response: 5 ms Request ID: [946d1c48-1bd7-48c3-bd11-b00bc389eb46]

Started GET /posts for :: ::ffff:127.0.0.1 at Mon Jun 10 2024 06:26:57 GMT-0400 (hora estándar de Chile)
  Parameters in body: {"id":96,"titulo":"Locotron","img":"https://www.h-dsantiago.cl/img/motos2022/sportsterS/whiteSandPearl/1.jpg","descripcion":"Harley Davidson"}
Completed: 200 message:  Time response: 34 ms Request ID: [819920c2-20ec-4826-bc86-8b3dfb847ee5]

Started GET /posts for :: ::ffff:127.0.0.1 at Mon Jun 10 2024 06:28:07 GMT-0400 (hora estándar de Chile)
  Parameters in body: {"id":96,"titulo":"Locotron","img":"https://www.h-dsantiago.cl/img/motos2022/sportsterS/whiteSandPearl/1.jpg","descripcion":"Harley Davidson"}
Completed: 200 message:  Time response: 89 ms Request ID: [0d00a9b7-5eb2-4d19-9ccd-0721e2793251]

Started PUT /posts/96 for :: ::ffff:127.0.0.1 at Mon Jun 10 2024 06:28:31 GMT-0400 (hora estándar de Chile)
  Parameters in body: {"id":96,"titulo":"Locotron","img":"https://www.h-dsantiago.cl/img/motos2022/sportsterS/whiteSandPearl/1.jpg","descripcion":"Harley Davidson"}
Completed: 500 message:  Time response: 28 ms Request ID: [dc5a51b6-feaf-4579-a554-eab9a4adc433]

Started POST /posts for :: ::1 at Mon Jun 10 2024 06:36:36 GMT-0400 (hora estándar de Chile)
  Parameters in body: {"titulo":"jññlñ{ñl{ñl{","img":"ñlñ{","descripcion":"llñ{l{"}
Completed: 201 message:  Time response: 242 ms Request ID: [39284d0b-1ec1-4e7e-8ec1-a2960ae55443]

Started GET /posts for :: ::1 at Mon Jun 10 2024 06:36:36 GMT-0400 (hora estándar de Chile)
  Parameters in body: {}
Completed: 200 message:  Time response: 6 ms Request ID: [8185e8d4-d889-47a1-ac51-8495ccfc66ab]

Started PUT /posts/like/100 for :: ::1 at Mon Jun 10 2024 06:36:38 GMT-0400 (hora estándar de Chile)
  Parameters in body: {}
Completed: 404 message:  Time response: 3 ms Request ID: [40c12422-6fe1-4565-8ee8-3e1895a34ba3]

Started PUT /posts/like/100 for :: ::1 at Mon Jun 10 2024 06:36:40 GMT-0400 (hora estándar de Chile)
  Parameters in body: {}
Completed: 404 message:  Time response: 3 ms Request ID: [2bb9d876-bbf7-4c3b-b2ee-d8d20b7af144]

Started PUT /posts/like/100 for :: ::1 at Mon Jun 10 2024 06:36:41 GMT-0400 (hora estándar de Chile)
  Parameters in body: {}
Completed: 404 message:  Time response: 4 ms Request ID: [b2283a75-91c4-4ed8-a0b2-c39a4ba10593]

Started PUT /posts/like/100 for :: ::1 at Mon Jun 10 2024 06:36:41 GMT-0400 (hora estándar de Chile)
  Parameters in body: {}
Completed: 404 message:  Time response: 3 ms Request ID: [5472f62a-4d00-4121-a8bb-a81004d2eef7]

Started PUT /posts/like/100 for :: ::1 at Mon Jun 10 2024 06:36:41 GMT-0400 (hora estándar de Chile)
  Parameters in body: {}
Completed: 404 message:  Time response: 3 ms Request ID: [9169b83c-b1aa-4519-9856-1baea4d16275]

Started PUT /posts/like/100 for :: ::1 at Mon Jun 10 2024 06:36:43 GMT-0400 (hora estándar de Chile)
  Parameters in body: {}
Completed: 404 message:  Time response: 4 ms Request ID: [03a70a5a-c4d2-4909-9bdc-68cb7cb5a13b]

Started PUT /posts/like/96 for :: ::1 at Mon Jun 10 2024 06:36:45 GMT-0400 (hora estándar de Chile)
  Parameters in body: {}
Completed: 404 message:  Time response: 5 ms Request ID: [4c37229c-58e4-414d-92b0-aae38cb31358]

Started PUT /posts/like/96 for :: ::1 at Mon Jun 10 2024 06:36:46 GMT-0400 (hora estándar de Chile)
  Parameters in body: {}
Completed: 404 message:  Time response: 5 ms Request ID: [a826dc73-2a25-477d-a5df-2badf13cbb28]

Started PUT /posts/like/100 for :: ::1 at Mon Jun 10 2024 06:36:48 GMT-0400 (hora estándar de Chile)
  Parameters in body: {}
Completed: 404 message:  Time response: 3 ms Request ID: [4f06b09e-2d53-492f-b85a-530c010b59c2]

Started PUT /posts/like/100 for :: ::1 at Mon Jun 10 2024 06:36:48 GMT-0400 (hora estándar de Chile)
  Parameters in body: {}
Completed: 404 message:  Time response: 4 ms Request ID: [df5095c0-d0e1-49fb-882f-4000de5e415f]

Started PUT /posts/like/100 for :: ::1 at Mon Jun 10 2024 06:36:48 GMT-0400 (hora estándar de Chile)
  Parameters in body: {}
Completed: 404 message:  Time response: 5 ms Request ID: [4d64937f-909a-4214-aabc-1ccc0173fcde]

Started PUT /posts/like/100 for :: ::1 at Mon Jun 10 2024 06:37:48 GMT-0400 (hora estándar de Chile)
  Parameters in body: {}
Completed: 200 message:  Time response: 109 ms Request ID: [bf102f27-cfa7-49b3-a939-a0ea21393f13]

Started GET /posts for :: ::1 at Mon Jun 10 2024 06:37:48 GMT-0400 (hora estándar de Chile)
  Parameters in body: {}
Completed: 200 message:  Time response: 5 ms Request ID: [57c59794-6ec2-4a55-a5a6-7c95b89ded85]
